{
  "RSpec": {
    "coverage": {
      "/Users/bennet.palluthe/code/garllon/graphql_connector/lib/graphql_connector.rb": {
        "lines": [
          null,
          null,
          1,
          1,
          1,
          1,
          1,
          1,
          1,
          1,
          1,
          1,
          1,
          1,
          1,
          null,
          null,
          null,
          null,
          1,
          1,
          1,
          null,
          null,
          1,
          0,
          null,
          null,
          1,
          0,
          null,
          null,
          1,
          0,
          null,
          null
        ]
      },
      "/Users/bennet.palluthe/code/garllon/graphql_connector/lib/graphql_connector/formatters/base_format.rb": {
        "lines": [
          null,
          null,
          1,
          1,
          null,
          1,
          1,
          19,
          19,
          19,
          null,
          null,
          1,
          19,
          null,
          null,
          null,
          null,
          null,
          null,
          null,
          null,
          1,
          null,
          1,
          19,
          19,
          null,
          null,
          19,
          null,
          19,
          null,
          null,
          1,
          21,
          null,
          0,
          0,
          null,
          4,
          2,
          null,
          19,
          null,
          null,
          null,
          1,
          19,
          null,
          3,
          null,
          16,
          null,
          null,
          null,
          1,
          20,
          23,
          null,
          1,
          null,
          22,
          null,
          null,
          null,
          20,
          null,
          null,
          1,
          1,
          1,
          null,
          null,
          null,
          1,
          0,
          null,
          null,
          null,
          null
        ]
      },
      "/Users/bennet.palluthe/code/garllon/graphql_connector/lib/graphql_connector/formatters/query_format.rb": {
        "lines": [
          null,
          null,
          1,
          1,
          null,
          1,
          1,
          null,
          1,
          9,
          null,
          null,
          null,
          null
        ]
      },
      "/Users/bennet.palluthe/code/garllon/graphql_connector/lib/graphql_connector/formatters/mutation_format.rb": {
        "lines": [
          null,
          null,
          1,
          1,
          null,
          1,
          1,
          null,
          1,
          10,
          null,
          null,
          null,
          null
        ]
      },
      "/Users/bennet.palluthe/code/garllon/graphql_connector/lib/graphql_connector/configuration.rb": {
        "lines": [
          null,
          null,
          1,
          null,
          1,
          1,
          null,
          1,
          8,
          null,
          null,
          1,
          8,
          null,
          null,
          null,
          1,
          11,
          8,
          8,
          null,
          11,
          null,
          null,
          null
        ]
      },
      "/Users/bennet.palluthe/code/garllon/graphql_connector/lib/graphql_connector/http_client.rb": {
        "lines": [
          null,
          null,
          1,
          null,
          1,
          1,
          23,
          23,
          23,
          23,
          null,
          null,
          1,
          8,
          8,
          null,
          null,
          1,
          8,
          8,
          null,
          null,
          1,
          23,
          23,
          null,
          null,
          null,
          23,
          23,
          22,
          null,
          null,
          1,
          null,
          1,
          23,
          null,
          null,
          1,
          23,
          null,
          1,
          null,
          null,
          null,
          1,
          16,
          16,
          16,
          null,
          24,
          null,
          null,
          1,
          23,
          null,
          1,
          null,
          null,
          null
        ]
      },
      "/Users/bennet.palluthe/code/garllon/graphql_connector/lib/graphql_connector/base_server_type.rb": {
        "lines": [
          null,
          null,
          1,
          1,
          null,
          1,
          1,
          1,
          16,
          15,
          15,
          15,
          15,
          null,
          15,
          null,
          null,
          1,
          null,
          1,
          16,
          null,
          1,
          null,
          null,
          null,
          null,
          1,
          15,
          null,
          null,
          null,
          null,
          null,
          null,
          null,
          null,
          null,
          null,
          null,
          null,
          1,
          15,
          15,
          15,
          15,
          15,
          15,
          null,
          null,
          null,
          1,
          15,
          15,
          15,
          null,
          15,
          0,
          null,
          null,
          null,
          null,
          null,
          null,
          null,
          null,
          null
        ]
      },
      "/Users/bennet.palluthe/code/garllon/graphql_connector/lib/graphql_connector/service_classable/class_method_validator.rb": {
        "lines": [
          null,
          null,
          1,
          1,
          1,
          1,
          null,
          null,
          1,
          1,
          1,
          113,
          null,
          null,
          null,
          1,
          null,
          null,
          1,
          null,
          null,
          1,
          113,
          null,
          2,
          null,
          null,
          null,
          null,
          null,
          null
        ]
      },
      "/Users/bennet.palluthe/code/garllon/graphql_connector/lib/graphql_connector/service_classable/params_validator.rb": {
        "lines": [
          null,
          null,
          1,
          1,
          1,
          null,
          null,
          1,
          1,
          1,
          70,
          70,
          null,
          null,
          null,
          2,
          null,
          null,
          null,
          null,
          null,
          null,
          null,
          null
        ]
      },
      "/Users/bennet.palluthe/code/garllon/graphql_connector/lib/graphql_connector/service_classable/return_fields_validator.rb": {
        "lines": [
          null,
          null,
          1,
          1,
          1,
          null,
          1,
          1,
          1,
          75,
          0,
          null,
          null,
          null,
          230,
          null,
          null,
          1,
          null,
          1,
          212,
          null,
          19,
          null,
          34,
          null,
          176,
          null,
          3,
          null,
          null,
          null,
          null,
          1,
          19,
          20,
          20,
          null,
          null,
          null,
          null,
          null,
          null
        ]
      },
      "/Users/bennet.palluthe/code/garllon/graphql_connector/lib/graphql_connector/service_classable/queryable.rb": {
        "lines": [
          null,
          null,
          1,
          1,
          null,
          null,
          1,
          1,
          null,
          null,
          null,
          1,
          47,
          null,
          47,
          46,
          null,
          45,
          45,
          45,
          null,
          null,
          1,
          41,
          null,
          41,
          41,
          41,
          null,
          41,
          41,
          null,
          null,
          1,
          26,
          null,
          26,
          26,
          null,
          26,
          26,
          26,
          null,
          null,
          1,
          null,
          1,
          114,
          114,
          114,
          null,
          null,
          1,
          112,
          null,
          68,
          184,
          null,
          null,
          null,
          1,
          73,
          73,
          73,
          null,
          null,
          1,
          41,
          null,
          null,
          null,
          null,
          null,
          null,
          null,
          null,
          1,
          71,
          null,
          null,
          null,
          null,
          null,
          null,
          null,
          null,
          null,
          null,
          null,
          null
        ]
      },
      "/Users/bennet.palluthe/code/garllon/graphql_connector/lib/graphql_connector/custom_attribute_error.rb": {
        "lines": [
          null,
          null,
          1
        ]
      },
      "/Users/bennet.palluthe/code/garllon/graphql_connector/spec/graphql_connector/base_server_type_spec.rb": {
        "lines": [
          null,
          null,
          1,
          null,
          1,
          8,
          null,
          1,
          8,
          8,
          8,
          8,
          8,
          8,
          null,
          1,
          7,
          null,
          null,
          2,
          null,
          1,
          1,
          null,
          1,
          null,
          null,
          1,
          1,
          null,
          1,
          null,
          null,
          1,
          1,
          null,
          1,
          null,
          null,
          1,
          2,
          2,
          null,
          null,
          1,
          1,
          null,
          1,
          null,
          null,
          1,
          1,
          1,
          null,
          null,
          1,
          1,
          null,
          null,
          1,
          2,
          null,
          null,
          null,
          null,
          null
        ]
      },
      "/Users/bennet.palluthe/code/garllon/graphql_connector/spec/graphql_connector/configuration_spec.rb": {
        "lines": [
          null,
          null,
          1,
          null,
          1,
          9,
          null,
          1,
          8,
          null,
          null,
          1,
          4,
          8,
          8,
          null,
          null,
          null,
          1,
          1,
          5,
          null,
          null,
          null,
          null,
          6,
          6,
          5,
          2,
          5,
          null,
          1,
          1,
          null,
          null,
          null,
          null,
          1,
          null,
          null,
          1,
          null,
          1,
          2,
          null,
          1,
          null,
          null,
          1,
          1,
          null,
          1,
          null,
          null,
          1,
          2,
          null,
          1,
          null,
          null,
          null,
          1,
          4,
          null,
          1,
          3,
          null,
          null,
          1,
          2,
          2,
          null,
          null,
          1,
          2,
          2,
          null,
          null,
          null,
          null,
          1,
          2,
          2,
          null,
          null,
          null,
          null,
          null
        ]
      },
      "/Users/bennet.palluthe/code/garllon/graphql_connector/spec/graphql_connector/features/service_class_inclusion_spec.rb": {
        "lines": [
          null,
          null,
          1,
          null,
          1,
          1,
          16,
          16,
          null,
          16,
          16,
          null,
          null,
          16,
          16,
          null,
          null,
          16,
          null,
          null,
          null,
          null,
          1,
          13,
          null,
          null,
          null,
          null,
          14,
          1,
          26,
          null,
          null,
          1,
          32,
          null,
          null,
          1,
          19,
          null,
          null,
          1,
          1,
          null,
          null,
          1,
          3,
          null,
          1,
          1,
          null,
          null,
          1,
          null,
          null,
          2,
          null,
          null,
          1,
          3,
          null,
          1,
          1,
          null,
          null,
          null,
          null,
          null,
          null,
          1,
          null,
          null,
          2,
          null,
          null,
          1,
          3,
          null,
          1,
          1,
          null,
          null,
          null,
          1,
          null,
          null,
          2,
          null,
          null,
          1,
          3,
          null,
          1,
          1,
          null,
          null,
          null,
          null,
          null,
          1,
          null,
          null,
          2,
          null,
          null,
          1,
          3,
          null,
          1,
          1,
          null,
          null,
          null,
          null,
          null,
          null,
          1,
          null,
          null,
          2,
          null,
          null,
          1,
          1,
          3,
          3,
          null,
          3,
          null,
          null,
          1,
          2,
          null,
          null,
          1,
          5,
          null,
          null,
          1,
          3,
          null,
          null,
          1,
          1,
          null,
          null,
          1,
          3,
          null,
          1,
          1,
          null,
          null,
          null,
          1,
          null,
          null,
          2,
          null,
          null,
          null,
          1,
          1,
          1,
          1,
          null,
          1,
          null,
          null,
          1,
          1,
          null,
          null,
          1,
          2,
          null,
          null,
          null,
          1,
          1,
          1,
          1,
          null,
          1,
          null,
          null,
          null,
          1,
          2,
          null,
          null,
          null,
          null,
          1,
          1,
          3,
          3,
          null,
          3,
          null,
          null,
          null,
          3,
          null,
          3,
          null,
          null,
          null,
          null,
          null,
          null,
          1,
          1,
          null,
          null,
          null,
          1,
          null,
          null,
          1,
          1,
          null,
          null,
          null,
          1,
          null,
          null,
          1,
          1,
          null,
          null,
          null,
          null,
          null,
          null,
          1,
          null,
          null,
          null
        ]
      },
      "/Users/bennet.palluthe/code/garllon/graphql_connector/spec/graphql_connector/formatters/mutation_format_spec.rb": {
        "lines": [
          null,
          null,
          1,
          null,
          1,
          1,
          2,
          null,
          2,
          3,
          2,
          null,
          1,
          3,
          null,
          1,
          1,
          null,
          null,
          null,
          null,
          null,
          null,
          null,
          null,
          2,
          null,
          1,
          1,
          1,
          null,
          2,
          null,
          1,
          1,
          null,
          null,
          null,
          null,
          null,
          null,
          null,
          null,
          2,
          null,
          null,
          null
        ]
      },
      "/Users/bennet.palluthe/code/garllon/graphql_connector/spec/graphql_connector/formatters/query_format_spec.rb": {
        "lines": [
          null,
          null,
          1,
          null,
          1,
          1,
          1,
          null,
          2,
          2,
          2,
          null,
          1,
          2,
          null,
          1,
          1,
          null,
          null,
          null,
          null,
          null,
          null,
          null,
          null,
          2,
          null,
          null
        ]
      },
      "/Users/bennet.palluthe/code/garllon/graphql_connector/spec/graphql_connector/http_client_spec.rb": {
        "lines": [
          null,
          null,
          1,
          null,
          1,
          6,
          6,
          null,
          null,
          null,
          6,
          null,
          null,
          null,
          1,
          21,
          24,
          23,
          23,
          19,
          null,
          1,
          23,
          null,
          null,
          null,
          1,
          7,
          9,
          9,
          9,
          null,
          1,
          1,
          null,
          null,
          null,
          1,
          null,
          null,
          1,
          1,
          null,
          null,
          1,
          null,
          null,
          2,
          null,
          1,
          1,
          null,
          null,
          1,
          3,
          null,
          2,
          null,
          1,
          1,
          null,
          null,
          null,
          1,
          1,
          null,
          1,
          1,
          null,
          null,
          1,
          1,
          1,
          null,
          null,
          1,
          1,
          null,
          null,
          1,
          null,
          null,
          null,
          null,
          null,
          1,
          5,
          7,
          null,
          1,
          2,
          2,
          2,
          2,
          2,
          null,
          1,
          1,
          null,
          null,
          null,
          1,
          null,
          null,
          null,
          1,
          1,
          1,
          null,
          null,
          null,
          1,
          null,
          null,
          2,
          null,
          1,
          1,
          1,
          null,
          1,
          1,
          null,
          2,
          null,
          1,
          1,
          null,
          null,
          null,
          1,
          null,
          null,
          null,
          null,
          1,
          2,
          null,
          1,
          2,
          null,
          null,
          null,
          1,
          1,
          null,
          1,
          1,
          null,
          null,
          1,
          1,
          1,
          null,
          null,
          1,
          1,
          null,
          null,
          1,
          null,
          null,
          null,
          null,
          null,
          1,
          7,
          9,
          9,
          9,
          null,
          1,
          1,
          null,
          null,
          null,
          1,
          null,
          null,
          1,
          1,
          null,
          null,
          1,
          null,
          null,
          2,
          null,
          1,
          1,
          null,
          null,
          1,
          3,
          null,
          2,
          null,
          1,
          1,
          null,
          null,
          null,
          1,
          1,
          null,
          1,
          1,
          null,
          null,
          1,
          1,
          1,
          null,
          null,
          1,
          1,
          null,
          null,
          1,
          null,
          null,
          null,
          null,
          null
        ]
      },
      "/Users/bennet.palluthe/code/garllon/graphql_connector/spec/graphql_connector/service_classable/class_method_validator_spec.rb": {
        "lines": [
          null,
          null,
          1,
          null,
          1,
          1,
          1,
          2,
          null,
          3,
          2,
          null,
          1,
          2,
          null,
          null,
          3,
          null,
          1,
          1,
          1,
          1,
          0,
          null,
          null,
          null,
          null,
          1,
          1,
          null,
          null,
          1,
          2,
          null,
          null,
          null,
          null,
          1,
          2,
          null,
          null,
          null,
          1,
          1,
          2,
          null,
          3,
          2,
          null,
          3,
          null,
          1,
          2,
          1,
          1,
          null,
          null,
          1,
          2,
          null,
          null,
          null,
          null,
          null
        ]
      },
      "/Users/bennet.palluthe/code/garllon/graphql_connector/spec/graphql_connector/service_classable/params_validator_spec.rb": {
        "lines": [
          null,
          null,
          1,
          null,
          1,
          1,
          5,
          2,
          null,
          3,
          null,
          1,
          2,
          null,
          3,
          null,
          null,
          1,
          2,
          null,
          3,
          null,
          null,
          1,
          2,
          1,
          1,
          null,
          null,
          1,
          2,
          null,
          null,
          null,
          null
        ]
      },
      "/Users/bennet.palluthe/code/garllon/graphql_connector/spec/graphql_connector/service_classable/queryable_spec.rb": {
        "lines": [
          null,
          null,
          1,
          null,
          1,
          3,
          3,
          null,
          null,
          3,
          null,
          null,
          3,
          3,
          null,
          null,
          3,
          null,
          null,
          null,
          1,
          2,
          2,
          null,
          null,
          2,
          null,
          null,
          null,
          1,
          2,
          2,
          null,
          null,
          2,
          null,
          null,
          null,
          1,
          3,
          3,
          null,
          3,
          null,
          null,
          3,
          9,
          null,
          3,
          3,
          null,
          null,
          3,
          null,
          null,
          3,
          3,
          null,
          3,
          null,
          null,
          null,
          null,
          1,
          1,
          20,
          20,
          null,
          null,
          21,
          null,
          1,
          20,
          null,
          null,
          1,
          20,
          null,
          null,
          1,
          1,
          7,
          null,
          null,
          null,
          null,
          8,
          6,
          8,
          null,
          1,
          null,
          1,
          null,
          1,
          null,
          1,
          null,
          null,
          1,
          1,
          6,
          null,
          null,
          5,
          7,
          null,
          1,
          null,
          1,
          1,
          null,
          null,
          null,
          1,
          null,
          null,
          1,
          null,
          null,
          1,
          1,
          7,
          null,
          null,
          null,
          null,
          8,
          6,
          8,
          null,
          1,
          null,
          1,
          null,
          1,
          null,
          1,
          null,
          null
        ]
      },
      "/Users/bennet.palluthe/code/garllon/graphql_connector/spec/graphql_connector/service_classable/return_fields_validator_spec.rb": {
        "lines": [
          null,
          null,
          1,
          null,
          1,
          1,
          5,
          2,
          null,
          3,
          null,
          1,
          1,
          null,
          null,
          1,
          2,
          1,
          1,
          null,
          null,
          1,
          2,
          null,
          null,
          null,
          1,
          2,
          1,
          1,
          null,
          null,
          1,
          2,
          null,
          null,
          null,
          1,
          2,
          1,
          1,
          null,
          null,
          1,
          2,
          null,
          null,
          null,
          null
        ]
      }
    },
    "timestamp": 1651131090
  }
}
